2026-07-20 20:55:09 - healthcare_predictor - INFO - Generating 1000 sample data points...
2026-07-20 20:55:09 - healthcare_predictor - INFO - Generated sample data with 1000 rows
2026-07-20 20:55:09 - healthcare_predictor - INFO - Starting preprocessing pipeline...
2026-07-20 20:55:09 - healthcare_predictor - INFO - Handling missing values...
2026-07-20 20:55:09 - healthcare_predictor - INFO - Engineering new features...
2026-07-20 20:55:09 - healthcare_predictor - INFO - Identified 15 numeric and 5 categorical features
2026-07-20 20:55:09 - healthcare_predictor - INFO - Creating preprocessing pipeline...
2026-07-20 20:55:09 - healthcare_predictor - INFO - Preprocessing complete. Shape: (1000, 33)
2026-07-20 20:55:09 - healthcare_predictor - INFO - Creating models for comparison...
2026-07-20 20:55:09 - healthcare_predictor - INFO - Built Logistic Regression model with 6 parameters
2026-07-20 20:55:09 - healthcare_predictor - INFO - Created logistic_regression model
2026-07-20 20:55:09 - healthcare_predictor - INFO - Built Random Forest model with 8 parameters
2026-07-20 20:55:09 - healthcare_predictor - INFO - Created random_forest model
2026-07-20 20:55:09 - healthcare_predictor - INFO - Built XGBoost model with 14 parameters
2026-07-20 20:55:09 - healthcare_predictor - INFO - Created xgboost model
2026-07-20 20:55:09 - healthcare_predictor - INFO - Starting model training and evaluation...
2026-07-20 20:55:09 - healthcare_predictor - INFO - Training logistic_regression...
2026-07-20 20:55:15 - healthcare_predictor - INFO - Training Logistic Regression model with 800 samples...
2026-07-20 20:55:15 - healthcare_predictor - INFO - Training complete. Metrics: {'train_score': 0.60625}
2026-07-20 20:55:15 - healthcare_predictor - INFO - logistic_regression - CV AUC: 0.5770 (±0.0180)
2026-07-20 20:55:15 - healthcare_predictor - INFO - logistic_regression - Test AUC: 0.5335, AUPRC: 0.5395
2026-07-20 20:55:15 - healthcare_predictor - INFO - Training random_forest...
2026-07-20 20:55:21 - healthcare_predictor - INFO - Training Random Forest model with 800 samples...
2026-07-20 20:55:22 - healthcare_predictor - INFO - Training complete. Metrics: {'train_score': 0.99625}
2026-07-20 20:55:22 - healthcare_predictor - INFO - random_forest - CV AUC: 0.5701 (±0.0335)
2026-07-20 20:55:22 - healthcare_predictor - INFO - random_forest - Test AUC: 0.5586, AUPRC: 0.5736
2026-07-20 20:55:22 - healthcare_predictor - INFO - Training xgboost...
2026-07-20 20:55:23 - healthcare_predictor - INFO - Training XGBoost model with 800 samples...
2026-07-20 20:55:23 - healthcare_predictor - INFO - Training complete. Metrics: {'train_score': 1.0, 'best_iteration': None, 'n_features': 33}
2026-07-20 20:55:23 - healthcare_predictor - INFO - xgboost - CV AUC: 0.5703 (±0.0370)
2026-07-20 20:55:23 - healthcare_predictor - INFO - xgboost - Test AUC: 0.5421, AUPRC: 0.5410
2026-07-20 20:55:23 - healthcare_predictor - INFO - Best model: random_forest with AUC: 0.5586
2026-07-20 20:55:23 - healthcare_predictor - INFO - Creating SHAP explainer for tree model...
2026-07-20 20:55:23 - healthcare_predictor - INFO - Created TreeExplainer
2026-07-20 20:55:23 - healthcare_predictor - INFO - Generating clinical decision rules...
2026-07-20 20:55:23 - healthcare_predictor - INFO - Computing SHAP values for 800 samples...
2026-07-20 20:56:00 - healthcare_predictor - INFO - SHAP values computed successfully
