2026-07-20 21:54:36 - healthcare_predictor - INFO - Loading data from data/raw/framingham.csv
2026-07-20 21:54:36 - healthcare_predictor - INFO - Loaded 4240 rows and 16 columns
2026-07-20 21:54:36 - healthcare_predictor - INFO - Validating data...
2026-07-20 21:54:36 - healthcare_predictor - INFO - Data validation passed successfully
2026-07-20 21:54:36 - healthcare_predictor - INFO - Starting preprocessing pipeline...
2026-07-20 21:54:36 - healthcare_predictor - INFO - Handling missing values...
2026-07-20 21:54:36 - healthcare_predictor - INFO - Identified 15 numeric and 0 categorical features
2026-07-20 21:54:36 - healthcare_predictor - INFO - Creating preprocessing pipeline...
2026-07-20 21:54:36 - healthcare_predictor - INFO - Preprocessing complete. Shape: (4240, 15)
2026-07-20 21:54:36 - healthcare_predictor - INFO - Creating models for comparison...
2026-07-20 21:54:36 - healthcare_predictor - INFO - Built Logistic Regression model with 7 parameters
2026-07-20 21:54:36 - healthcare_predictor - INFO - Created logistic_regression model
2026-07-20 21:54:36 - healthcare_predictor - INFO - Built Random Forest model with 8 parameters
2026-07-20 21:54:36 - healthcare_predictor - INFO - Created random_forest model
2026-07-20 21:54:36 - healthcare_predictor - INFO - Built XGBoost model with 14 parameters
2026-07-20 21:54:36 - healthcare_predictor - INFO - Created xgboost model
2026-07-20 21:54:36 - healthcare_predictor - INFO - Built LightGBM model with 14 parameters
2026-07-20 21:54:36 - healthcare_predictor - INFO - Created lightgbm model
2026-07-20 21:54:36 - healthcare_predictor - INFO - Starting model training and evaluation...
2026-07-20 21:54:36 - healthcare_predictor - INFO - Applying SMOTE for class imbalance...
2026-07-20 21:54:36 - healthcare_predictor - INFO - Balanced training data: 5754 samples
2026-07-20 21:54:36 - healthcare_predictor - INFO - Training logistic_regression...
2026-07-20 21:54:40 - healthcare_predictor - INFO - Training Logistic Regression model with 5754 samples...
2026-07-20 21:54:40 - healthcare_predictor - INFO - Training complete. Metrics: {'train_score': 0.6842196732707682}
2026-07-20 21:54:40 - healthcare_predictor - INFO - logistic_regression - CV AUC: 0.7371 (±0.0154)
2026-07-20 21:54:40 - healthcare_predictor - INFO - logistic_regression - Test AUC: 0.6980, AUPRC: 0.2953
2026-07-20 21:54:40 - healthcare_predictor - INFO - Training random_forest...
2026-07-20 21:54:43 - healthcare_predictor - INFO - Training Random Forest model with 5754 samples...
2026-07-20 21:54:44 - healthcare_predictor - INFO - Training complete. Metrics: {'train_score': 0.9374348279457768}
2026-07-20 21:54:44 - healthcare_predictor - INFO - random_forest - CV AUC: 0.9392 (±0.0077)
2026-07-20 21:54:44 - healthcare_predictor - INFO - random_forest - Test AUC: 0.6628, AUPRC: 0.2509
2026-07-20 21:54:44 - healthcare_predictor - INFO - Training xgboost...
2026-07-20 21:54:44 - healthcare_predictor - INFO - Training XGBoost model with 5754 samples...
2026-07-20 21:54:45 - healthcare_predictor - INFO - Training complete. Metrics: {'train_score': 0.9530761209593326, 'best_iteration': None, 'n_features': 15}
2026-07-20 21:54:45 - healthcare_predictor - INFO - xgboost - CV AUC: 0.9546 (±0.0066)
2026-07-20 21:54:45 - healthcare_predictor - INFO - xgboost - Test AUC: 0.6418, AUPRC: 0.2339
2026-07-20 21:54:45 - healthcare_predictor - INFO - Training lightgbm...
2026-07-20 21:54:45 - healthcare_predictor - INFO - Training LightGBM model with 5754 samples...
2026-07-20 21:54:45 - healthcare_predictor - INFO - Best iteration: 0
2026-07-20 21:54:45 - healthcare_predictor - INFO - Training complete. Metrics: {'train_score': 0.9386513729579423, 'best_iteration': 0, 'n_features': 15}
2026-07-20 21:54:45 - healthcare_predictor - INFO - lightgbm - CV AUC: 0.9502 (±0.0077)
2026-07-20 21:54:45 - healthcare_predictor - INFO - lightgbm - Test AUC: 0.6234, AUPRC: 0.2212
2026-07-20 21:54:45 - healthcare_predictor - INFO - Best model: logistic_regression with AUC: 0.6980
2026-07-20 21:54:45 - healthcare_predictor - INFO - Creating SHAP explainer for linear model...
2026-07-20 21:54:45 - healthcare_predictor - INFO - Created LinearExplainer
2026-07-20 21:54:45 - healthcare_predictor - INFO - Generating clinical decision rules...
2026-07-20 21:54:45 - healthcare_predictor - INFO - Computing SHAP values for 3392 samples...
2026-07-20 21:54:45 - healthcare_predictor - INFO - SHAP values computed successfully
2026-07-20 21:54:45 - healthcare_predictor - INFO - Generated 7 clinical rules
2026-07-20 21:56:38 - healthcare_predictor - INFO - Starting preprocessing pipeline...
2026-07-20 21:56:38 - healthcare_predictor - INFO - Handling missing values...
2026-07-20 21:56:38 - healthcare_predictor - INFO - Identified 15 numeric and 0 categorical features
2026-07-20 21:56:38 - healthcare_predictor - INFO - Preprocessing complete. Shape: (1, 15)
2026-07-20 21:56:38 - healthcare_predictor - INFO - Computing SHAP values for 1 samples...
2026-07-20 21:56:38 - healthcare_predictor - INFO - SHAP values computed successfully
2026-07-20 21:56:48 - healthcare_predictor - ERROR - Failed to create summary plot: Feature and SHAP matrices must have the same number of rows!
