2026-07-20 10:52:29 - healthcare_predictor - INFO - Starting complete pipeline...
2026-07-20 10:52:29 - healthcare_predictor - INFO - Loading data...
2026-07-20 10:52:29 - healthcare_predictor - INFO - Loading data from data/raw/framingham.csv
2026-07-20 10:52:29 - healthcare_predictor - INFO - Loaded 4240 rows and 16 columns
2026-07-20 10:52:29 - healthcare_predictor - INFO - Validating data...
2026-07-20 10:52:29 - healthcare_predictor - INFO - Data validation passed successfully
2026-07-20 10:52:29 - healthcare_predictor - INFO - Loaded 4240 samples
2026-07-20 10:52:29 - healthcare_predictor - INFO - Preprocessing data...
2026-07-20 10:52:29 - healthcare_predictor - INFO - Starting preprocessing pipeline...
2026-07-20 10:52:29 - healthcare_predictor - INFO - Handling missing values...
2026-07-20 10:52:29 - healthcare_predictor - INFO - Engineering new features...
2026-07-20 10:52:29 - healthcare_predictor - INFO - Identified 15 numeric and 5 categorical features
2026-07-20 10:52:29 - healthcare_predictor - INFO - Creating preprocessing pipeline...
2026-07-20 10:52:29 - healthcare_predictor - INFO - Preprocessing complete. Shape: (4240, 35)
2026-07-20 10:52:29 - healthcare_predictor - INFO - Processed data shape: (4240, 35)
2026-07-20 10:52:29 - healthcare_predictor - INFO - Splitting data...
2026-07-20 10:52:29 - healthcare_predictor - INFO - Train shape: (3392, 35), Test shape: (848, 35)
2026-07-20 10:52:29 - healthcare_predictor - INFO - Running hyperparameter tuning...
2026-07-20 10:52:29 - healthcare_predictor - INFO - Starting XGBoost hyperparameter tuning with 20 trials...
2026-07-20 10:52:29 - healthcare_predictor - INFO - Built XGBoost model with 13 parameters
2026-07-20 10:52:33 - healthcare_predictor - INFO - Built XGBoost model with 13 parameters
2026-07-20 10:52:35 - healthcare_predictor - INFO - Built XGBoost model with 13 parameters
2026-07-20 10:52:35 - healthcare_predictor - INFO - Built XGBoost model with 13 parameters
2026-07-20 10:52:36 - healthcare_predictor - INFO - Built XGBoost model with 13 parameters
2026-07-20 10:52:36 - healthcare_predictor - INFO - Built XGBoost model with 13 parameters
2026-07-20 10:52:36 - healthcare_predictor - INFO - Built XGBoost model with 13 parameters
2026-07-20 10:52:36 - healthcare_predictor - INFO - Built XGBoost model with 13 parameters
2026-07-20 10:52:37 - healthcare_predictor - INFO - Built XGBoost model with 13 parameters
2026-07-20 10:52:37 - healthcare_predictor - INFO - Built XGBoost model with 13 parameters
2026-07-20 10:52:38 - healthcare_predictor - INFO - Built XGBoost model with 13 parameters
2026-07-20 10:52:38 - healthcare_predictor - INFO - Built XGBoost model with 13 parameters
2026-07-20 10:52:38 - healthcare_predictor - INFO - Built XGBoost model with 13 parameters
2026-07-20 10:52:38 - healthcare_predictor - INFO - Built XGBoost model with 13 parameters
2026-07-20 10:52:39 - healthcare_predictor - INFO - Built XGBoost model with 13 parameters
2026-07-20 10:52:39 - healthcare_predictor - INFO - Built XGBoost model with 13 parameters
2026-07-20 10:52:39 - healthcare_predictor - INFO - Built XGBoost model with 13 parameters
2026-07-20 10:52:39 - healthcare_predictor - INFO - Built XGBoost model with 13 parameters
2026-07-20 10:52:40 - healthcare_predictor - INFO - Built XGBoost model with 13 parameters
2026-07-20 10:52:40 - healthcare_predictor - INFO - Built XGBoost model with 13 parameters
2026-07-20 10:52:40 - healthcare_predictor - INFO - Best parameters: {'n_estimators': 216, 'max_depth': 3, 'learning_rate': 0.02447526296519276, 'subsample': 0.7637272471805977, 'colsample_bytree': 0.8080043937370259, 'min_child_weight': 8, 'gamma': 4.933612867440569, 'reg_alpha': 0.0803444451707338, 'reg_lambda': 2.7432116221591585, 'scale_pos_weight': 1.0466125705533935}
2026-07-20 10:52:40 - healthcare_predictor - INFO - Best CV AUC: 0.7223
2026-07-20 10:52:40 - healthcare_predictor - INFO - Training models...
2026-07-20 10:52:40 - healthcare_predictor - INFO - Creating models for comparison...
2026-07-20 10:52:40 - healthcare_predictor - INFO - Built Logistic Regression model with 6 parameters
2026-07-20 10:52:40 - healthcare_predictor - INFO - Created logistic_regression model
2026-07-20 10:52:40 - healthcare_predictor - INFO - Built Random Forest model with 8 parameters
2026-07-20 10:52:40 - healthcare_predictor - INFO - Created random_forest model
2026-07-20 10:52:40 - healthcare_predictor - INFO - Built XGBoost model with 13 parameters
2026-07-20 10:52:40 - healthcare_predictor - INFO - Created xgboost model
2026-07-20 10:52:40 - healthcare_predictor - INFO - Updated XGBoost with best params: {'n_estimators': 216, 'max_depth': 3, 'learning_rate': 0.02447526296519276, 'subsample': 0.7637272471805977, 'colsample_bytree': 0.8080043937370259, 'min_child_weight': 8, 'gamma': 4.933612867440569, 'reg_alpha': 0.0803444451707338, 'reg_lambda': 2.7432116221591585, 'scale_pos_weight': 1.0466125705533935}
2026-07-20 10:52:40 - healthcare_predictor - INFO - Starting model training and evaluation...
2026-07-20 10:52:40 - healthcare_predictor - INFO - Training logistic_regression...
2026-07-20 10:52:41 - healthcare_predictor - INFO - Training Logistic Regression model with 3392 samples...
2026-07-20 10:52:41 - healthcare_predictor - INFO - Training complete. Metrics: {'train_score': 0.6683372641509434}
2026-07-20 10:52:41 - healthcare_predictor - INFO - logistic_regression - CV AUC: 0.7318 (ｱ0.0272)
2026-07-20 10:52:41 - healthcare_predictor - INFO - logistic_regression - Test AUC: 0.6945, AUPRC: 0.2786
2026-07-20 10:52:41 - healthcare_predictor - INFO - Training random_forest...
2026-07-20 10:52:42 - healthcare_predictor - INFO - Training Random Forest model with 3392 samples...
2026-07-20 10:52:42 - healthcare_predictor - INFO - Training complete. Metrics: {'train_score': 0.8965212264150944}
2026-07-20 10:52:42 - healthcare_predictor - INFO - random_forest - CV AUC: 0.7135 (ｱ0.0346)
2026-07-20 10:52:42 - healthcare_predictor - INFO - random_forest - Test AUC: 0.6521, AUPRC: 0.2782
2026-07-20 10:52:42 - healthcare_predictor - INFO - Training xgboost...
2026-07-20 10:52:42 - healthcare_predictor - INFO - Training XGBoost model with 3392 samples...
2026-07-20 10:52:42 - healthcare_predictor - ERROR - Error training xgboost: XGBClassifier.fit() got an unexpected keyword argument 'eval_metric'
2026-07-20 10:52:42 - healthcare_predictor - INFO - Best model: logistic_regression with AUC: 0.6945
2026-07-20 10:52:42 - healthcare_predictor - INFO - Performing SHAP analysis...
2026-07-20 10:52:42 - healthcare_predictor - INFO - Creating SHAP explainer...
