2026-07-20 21:42:34 - healthcare_predictor - INFO - Loading data from data/raw/framingham.csv
2026-07-20 21:42:34 - healthcare_predictor - INFO - Loaded 4240 rows and 16 columns
2026-07-20 21:42:34 - healthcare_predictor - INFO - Validating data...
2026-07-20 21:42:34 - healthcare_predictor - INFO - Data validation passed successfully
2026-07-20 21:42:34 - healthcare_predictor - INFO - Starting preprocessing pipeline...
2026-07-20 21:42:34 - healthcare_predictor - INFO - Handling missing values...
2026-07-20 21:42:34 - healthcare_predictor - INFO - Identified 15 numeric and 0 categorical features
2026-07-20 21:42:34 - healthcare_predictor - INFO - Creating preprocessing pipeline...
2026-07-20 21:42:34 - healthcare_predictor - INFO - Preprocessing complete. Shape: (4240, 15)
2026-07-20 21:42:34 - healthcare_predictor - INFO - Creating models for comparison...
2026-07-20 21:42:34 - healthcare_predictor - INFO - Built Logistic Regression model with 7 parameters
2026-07-20 21:42:34 - healthcare_predictor - INFO - Created logistic_regression model
2026-07-20 21:42:34 - healthcare_predictor - INFO - Built Random Forest model with 8 parameters
2026-07-20 21:42:34 - healthcare_predictor - INFO - Created random_forest model
2026-07-20 21:42:34 - healthcare_predictor - INFO - Built XGBoost model with 14 parameters
2026-07-20 21:42:34 - healthcare_predictor - INFO - Created xgboost model
2026-07-20 21:42:34 - healthcare_predictor - INFO - Built LightGBM model with 14 parameters
2026-07-20 21:42:34 - healthcare_predictor - INFO - Created lightgbm model
2026-07-20 21:42:34 - healthcare_predictor - INFO - Starting model training and evaluation...
2026-07-20 21:42:34 - healthcare_predictor - INFO - Training logistic_regression...
2026-07-20 21:42:37 - healthcare_predictor - INFO - Training Logistic Regression model with 3392 samples...
2026-07-20 21:42:38 - healthcare_predictor - INFO - Training complete. Metrics: {'train_score': 0.6774764150943396}
2026-07-20 21:42:38 - healthcare_predictor - INFO - logistic_regression - CV AUC: 0.7311 (±0.0303)
2026-07-20 21:42:38 - healthcare_predictor - INFO - logistic_regression - Test AUC: 0.7005, AUPRC: 0.2955
2026-07-20 21:42:38 - healthcare_predictor - INFO - Training random_forest...
2026-07-20 21:42:40 - healthcare_predictor - INFO - Training Random Forest model with 3392 samples...
2026-07-20 21:42:41 - healthcare_predictor - INFO - Training complete. Metrics: {'train_score': 0.9080188679245284}
2026-07-20 21:42:41 - healthcare_predictor - INFO - random_forest - CV AUC: 0.7106 (±0.0292)
2026-07-20 21:42:41 - healthcare_predictor - INFO - random_forest - Test AUC: 0.6656, AUPRC: 0.2833
2026-07-20 21:42:41 - healthcare_predictor - INFO - Training xgboost...
2026-07-20 21:42:41 - healthcare_predictor - INFO - Training XGBoost model with 3392 samples...
2026-07-20 21:42:41 - healthcare_predictor - INFO - Training complete. Metrics: {'train_score': 0.9242334905660378, 'best_iteration': None, 'n_features': 15}
2026-07-20 21:42:41 - healthcare_predictor - INFO - xgboost - CV AUC: 0.6946 (±0.0220)
2026-07-20 21:42:41 - healthcare_predictor - INFO - xgboost - Test AUC: 0.6325, AUPRC: 0.2462
2026-07-20 21:42:41 - healthcare_predictor - INFO - Training lightgbm...
2026-07-20 21:42:42 - healthcare_predictor - INFO - Training LightGBM model with 3392 samples...
2026-07-20 21:42:42 - healthcare_predictor - INFO - Best iteration: 0
2026-07-20 21:42:42 - healthcare_predictor - INFO - Training complete. Metrics: {'train_score': 0.8661556603773585, 'best_iteration': 0, 'n_features': 15}
2026-07-20 21:42:42 - healthcare_predictor - INFO - lightgbm - CV AUC: 0.6890 (±0.0314)
2026-07-20 21:42:42 - healthcare_predictor - INFO - lightgbm - Test AUC: 0.6363, AUPRC: 0.2375
2026-07-20 21:42:42 - healthcare_predictor - INFO - Best model: logistic_regression with AUC: 0.7005
2026-07-20 21:42:42 - healthcare_predictor - INFO - Creating SHAP explainer for linear model...
2026-07-20 21:42:42 - healthcare_predictor - INFO - Created LinearExplainer
2026-07-20 21:42:42 - healthcare_predictor - INFO - Generating clinical decision rules...
2026-07-20 21:42:42 - healthcare_predictor - INFO - Computing SHAP values for 3392 samples...
2026-07-20 21:42:42 - healthcare_predictor - INFO - SHAP values computed successfully
2026-07-20 21:42:42 - healthcare_predictor - INFO - Generated 7 clinical rules
2026-07-20 21:43:08 - healthcare_predictor - ERROR - Failed to create summary plot: index 1485 is out of bounds for axis 0 with size 100
