2026-07-20 21:08:49 - healthcare_predictor - INFO - Generating 1000 sample data points...
2026-07-20 21:08:49 - healthcare_predictor - INFO - Generated sample data with 1000 rows
2026-07-20 21:08:49 - healthcare_predictor - INFO - Starting preprocessing pipeline...
2026-07-20 21:08:49 - healthcare_predictor - INFO - Handling missing values...
2026-07-20 21:08:49 - healthcare_predictor - INFO - Identified 15 numeric and 0 categorical features
2026-07-20 21:08:49 - healthcare_predictor - INFO - Creating preprocessing pipeline...
2026-07-20 21:08:49 - healthcare_predictor - INFO - Preprocessing complete. Shape: (1000, 15)
2026-07-20 21:08:49 - healthcare_predictor - INFO - Creating models for comparison...
2026-07-20 21:08:49 - healthcare_predictor - INFO - Built Logistic Regression model with 6 parameters
2026-07-20 21:08:49 - healthcare_predictor - INFO - Created logistic_regression model
2026-07-20 21:08:49 - healthcare_predictor - INFO - Built Random Forest model with 8 parameters
2026-07-20 21:08:49 - healthcare_predictor - INFO - Created random_forest model
2026-07-20 21:08:49 - healthcare_predictor - INFO - Built XGBoost model with 14 parameters
2026-07-20 21:08:49 - healthcare_predictor - INFO - Created xgboost model
2026-07-20 21:08:49 - healthcare_predictor - INFO - Starting model training and evaluation...
2026-07-20 21:08:49 - healthcare_predictor - INFO - Training logistic_regression...
2026-07-20 21:08:55 - healthcare_predictor - INFO - Training Logistic Regression model with 800 samples...
2026-07-20 21:08:55 - healthcare_predictor - INFO - Training complete. Metrics: {'train_score': 0.5825}
2026-07-20 21:08:55 - healthcare_predictor - INFO - logistic_regression - CV AUC: 0.5679 (±0.0099)
2026-07-20 21:08:55 - healthcare_predictor - INFO - logistic_regression - Test AUC: 0.5668, AUPRC: 0.5808
2026-07-20 21:08:55 - healthcare_predictor - INFO - Training random_forest...
2026-07-20 21:09:01 - healthcare_predictor - INFO - Training Random Forest model with 800 samples...
2026-07-20 21:09:01 - healthcare_predictor - INFO - Training complete. Metrics: {'train_score': 0.99125}
2026-07-20 21:09:02 - healthcare_predictor - INFO - random_forest - CV AUC: 0.5786 (±0.0227)
2026-07-20 21:09:02 - healthcare_predictor - INFO - random_forest - Test AUC: 0.5657, AUPRC: 0.5732
2026-07-20 21:09:02 - healthcare_predictor - INFO - Training xgboost...
2026-07-20 21:09:02 - healthcare_predictor - INFO - Training XGBoost model with 800 samples...
2026-07-20 21:09:02 - healthcare_predictor - INFO - Training complete. Metrics: {'train_score': 1.0, 'best_iteration': None, 'n_features': 15}
2026-07-20 21:09:03 - healthcare_predictor - INFO - xgboost - CV AUC: 0.5746 (±0.0383)
2026-07-20 21:09:03 - healthcare_predictor - INFO - xgboost - Test AUC: 0.5307, AUPRC: 0.5206
2026-07-20 21:09:03 - healthcare_predictor - INFO - Best model: logistic_regression with AUC: 0.5668
2026-07-20 21:09:03 - healthcare_predictor - INFO - Creating SHAP explainer for linear model...
2026-07-20 21:09:03 - healthcare_predictor - INFO - Created LinearExplainer
2026-07-20 21:09:03 - healthcare_predictor - INFO - Generating clinical decision rules...
2026-07-20 21:09:03 - healthcare_predictor - INFO - Computing SHAP values for 800 samples...
2026-07-20 21:09:03 - healthcare_predictor - INFO - SHAP values computed successfully
2026-07-20 21:09:03 - healthcare_predictor - INFO - Generated 7 clinical rules
2026-07-20 21:09:35 - healthcare_predictor - ERROR - Failed to create summary plot: index 119 is out of bounds for axis 0 with size 100
