2026-07-20 11:00:50 - healthcare_predictor - INFO - Generating 4240 sample data points...
2026-07-20 11:00:50 - healthcare_predictor - INFO - Generated sample data with 4240 rows
2026-07-20 11:00:50 - healthcare_predictor - INFO - Starting preprocessing pipeline...
2026-07-20 11:00:50 - healthcare_predictor - INFO - Handling missing values...
2026-07-20 11:00:50 - healthcare_predictor - INFO - Engineering new features...
2026-07-20 11:00:50 - healthcare_predictor - INFO - Identified 15 numeric and 5 categorical features
2026-07-20 11:00:50 - healthcare_predictor - INFO - Creating preprocessing pipeline...
2026-07-20 11:00:51 - healthcare_predictor - INFO - Preprocessing complete. Shape: (4240, 33)
2026-07-20 11:00:51 - healthcare_predictor - INFO - Creating models for comparison...
2026-07-20 11:00:51 - healthcare_predictor - INFO - Built Logistic Regression model with 6 parameters
2026-07-20 11:00:51 - healthcare_predictor - INFO - Created logistic_regression model
2026-07-20 11:00:51 - healthcare_predictor - INFO - Built Random Forest model with 8 parameters
2026-07-20 11:00:51 - healthcare_predictor - INFO - Created random_forest model
2026-07-20 11:00:51 - healthcare_predictor - INFO - Built XGBoost model with 14 parameters
2026-07-20 11:00:51 - healthcare_predictor - INFO - Created xgboost model
2026-07-20 11:00:51 - healthcare_predictor - INFO - Starting model training and evaluation...
2026-07-20 11:00:51 - healthcare_predictor - INFO - Training logistic_regression...
2026-07-20 11:00:56 - healthcare_predictor - INFO - Training Logistic Regression model with 3392 samples...
2026-07-20 11:00:56 - healthcare_predictor - INFO - Training complete. Metrics: {'train_score': 0.5757665094339622}
2026-07-20 11:00:56 - healthcare_predictor - INFO - logistic_regression - CV AUC: 0.5780 (±0.0115)
2026-07-20 11:00:56 - healthcare_predictor - INFO - logistic_regression - Test AUC: 0.5325, AUPRC: 0.5081
2026-07-20 11:00:56 - healthcare_predictor - INFO - Training random_forest...
2026-07-20 11:01:02 - healthcare_predictor - INFO - Training Random Forest model with 3392 samples...
2026-07-20 11:01:03 - healthcare_predictor - INFO - Training complete. Metrics: {'train_score': 0.9313089622641509}
2026-07-20 11:01:03 - healthcare_predictor - INFO - random_forest - CV AUC: 0.5621 (±0.0078)
2026-07-20 11:01:03 - healthcare_predictor - INFO - random_forest - Test AUC: 0.5341, AUPRC: 0.5119
2026-07-20 11:01:03 - healthcare_predictor - INFO - Training xgboost...
2026-07-20 11:01:04 - healthcare_predictor - INFO - Training XGBoost model with 3392 samples...
2026-07-20 11:01:04 - healthcare_predictor - INFO - Training complete. Metrics: {'train_score': 0.9330778301886793, 'best_iteration': None, 'n_features': 33}
2026-07-20 11:01:04 - healthcare_predictor - INFO - xgboost - CV AUC: 0.5556 (±0.0129)
2026-07-20 11:01:04 - healthcare_predictor - INFO - xgboost - Test AUC: 0.5328, AUPRC: 0.4993
2026-07-20 11:01:04 - healthcare_predictor - INFO - Best model: random_forest with AUC: 0.5341
2026-07-20 11:01:04 - healthcare_predictor - INFO - Creating SHAP explainer for tree model...
2026-07-20 11:01:04 - healthcare_predictor - INFO - Created TreeExplainer
2026-07-20 11:01:04 - healthcare_predictor - INFO - Generating clinical decision rules...
2026-07-20 11:01:04 - healthcare_predictor - INFO - Computing SHAP values for 3392 samples...
2026-07-20 11:03:21 - healthcare_predictor - INFO - SHAP values computed successfully
